Flow report for Decodificador_4_2
Tue Mar 14 11:08:46 2023
Quartus II 64-Bit Version 13.1.0 Build 162 10/23/2013 SJ Web Edition


---------------------
; Table of Contents ;
---------------------
  1. Legal Notice
  2. Flow Summary
  3. Flow Settings
  4. Flow Non-Default Global Settings
  5. Flow Elapsed Time
  6. Flow OS Summary
  7. Flow Log
  8. Flow Messages
  9. Flow Suppressed Messages



----------------
; Legal Notice ;
----------------
Copyright (C) 1991-2013 Altera Corporation
Your use of Altera Corporation's design tools, logic functions 
and other software and tools, and its AMPP partner logic 
functions, and any output files from any of the foregoing 
(including device programming or simulation files), and any 
associated documentation or information are expressly subject 
to the terms and conditions of the Altera Program License 
Subscription Agreement, Altera MegaCore Function License 
Agreement, or other applicable license agreement, including, 
without limitation, that your use is for the sole purpose of 
programming logic devices manufactured by Altera and sold by 
Altera or its authorized distributors.  Please refer to the 
applicable agreement for further details.



+---------------------------------------------------------------------------------+
; Flow Summary                                                                    ;
+------------------------------------+--------------------------------------------+
; Flow Status                        ; Successful - Tue Mar 14 11:08:46 2023      ;
; Quartus II 64-Bit Version          ; 13.1.0 Build 162 10/23/2013 SJ Web Edition ;
; Revision Name                      ; Decodificador_4_2                          ;
; Top-level Entity Name              ; Decodificador_4_2                          ;
; Family                             ; Cyclone III                                ;
; Device                             ; EP3C16F484C6                               ;
; Timing Models                      ; Final                                      ;
; Total logic elements               ; 2 / 15,408 ( < 1 % )                       ;
;     Total combinational functions  ; 2 / 15,408 ( < 1 % )                       ;
;     Dedicated logic registers      ; 0 / 15,408 ( 0 % )                         ;
; Total registers                    ; 0                                          ;
; Total pins                         ; 6 / 347 ( 2 % )                            ;
; Total virtual pins                 ; 0                                          ;
; Total memory bits                  ; 0 / 516,096 ( 0 % )                        ;
; Embedded Multiplier 9-bit elements ; 0 / 112 ( 0 % )                            ;
; Total PLLs                         ; 0 / 4 ( 0 % )                              ;
+------------------------------------+--------------------------------------------+


+-----------------------------------------+
; Flow Settings                           ;
+-------------------+---------------------+
; Option            ; Setting             ;
+-------------------+---------------------+
; Start date & time ; 03/14/2023 11:05:55 ;
; Main task         ; Compilation         ;
; Revision Name     ; Decodificador_4_2   ;
+-------------------+---------------------+


+-------------------------------------------------------------------------------------------------------------------------------------+
; Flow Non-Default Global Settings                                                                                                    ;
+-------------------------------------+------------------------------------------------+---------------+-------------+----------------+
; Assignment Name                     ; Value                                          ; Default Value ; Entity Name ; Section Id     ;
+-------------------------------------+------------------------------------------------+---------------+-------------+----------------+
; COMPILER_SIGNATURE_ID               ; 211210660303626.167880995412556                ; --            ; --          ; --             ;
; EDA_GENERATE_FUNCTIONAL_NETLIST     ; On                                             ; --            ; --          ; eda_simulation ;
; EDA_NETLIST_WRITER_OUTPUT_DIR       ; C:/altera/13.1/EjerciciosVHDL/simulation/qsim/ ; --            ; --          ; eda_simulation ;
; EDA_OUTPUT_DATA_FORMAT              ; Verilog Hdl                                    ; --            ; --          ; eda_simulation ;
; EDA_SIMULATION_TOOL                 ; ModelSim-Altera (Verilog)                      ; <None>        ; --          ; --             ;
; MAX_CORE_JUNCTION_TEMP              ; 85                                             ; --            ; --          ; --             ;
; MIN_CORE_JUNCTION_TEMP              ; 0                                              ; --            ; --          ; --             ;
; NOMINAL_CORE_SUPPLY_VOLTAGE         ; 1.2V                                           ; --            ; --          ; --             ;
; PARTITION_COLOR                     ; 16764057                                       ; --            ; --          ; Top            ;
; PARTITION_FITTER_PRESERVATION_LEVEL ; PLACEMENT_AND_ROUTING                          ; --            ; --          ; Top            ;
; PARTITION_NETLIST_TYPE              ; SOURCE                                         ; --            ; --          ; Top            ;
; PROJECT_OUTPUT_DIRECTORY            ; output_files                                   ; --            ; --          ; --             ;
; VHDL_INPUT_VERSION                  ; VHDL_2008                                      ; VHDL_1993     ; --          ; --             ;
; VHDL_SHOW_LMF_MAPPING_MESSAGES      ; Off                                            ; --            ; --          ; --             ;
+-------------------------------------+------------------------------------------------+---------------+-------------+----------------+


+-------------------------------------------------------------------------------------------------------------------------------+
; Flow Elapsed Time                                                                                                             ;
+---------------------------+--------------+-------------------------+---------------------+------------------------------------+
; Module Name               ; Elapsed Time ; Average Processors Used ; Peak Virtual Memory ; Total CPU Time (on all processors) ;
+---------------------------+--------------+-------------------------+---------------------+------------------------------------+
; Analysis & Synthesis      ; 00:00:02     ; 1.0                     ; 4648 MB             ; 00:00:01                           ;
; Fitter                    ; 00:00:05     ; 1.0                     ; 4941 MB             ; 00:00:05                           ;
; Assembler                 ; 00:00:01     ; 1.0                     ; 4581 MB             ; 00:00:01                           ;
; TimeQuest Timing Analyzer ; 00:00:01     ; 1.0                     ; 4607 MB             ; 00:00:01                           ;
; EDA Netlist Writer        ; 00:00:01     ; 1.0                     ; 4528 MB             ; 00:00:00                           ;
; EDA Netlist Writer        ; 00:00:01     ; 1.0                     ; 4540 MB             ; 00:00:01                           ;
; EDA Netlist Writer        ; 00:00:01     ; 1.0                     ; 4540 MB             ; 00:00:01                           ;
; EDA Netlist Writer        ; 00:00:00     ; 1.0                     ; 4540 MB             ; 00:00:00                           ;
; EDA Netlist Writer        ; 00:00:00     ; 1.0                     ; 4540 MB             ; 00:00:01                           ;
; Total                     ; 00:00:12     ; --                      ; --                  ; 00:00:11                           ;
+---------------------------+--------------+-------------------------+---------------------+------------------------------------+


+----------------------------------------------------------------------------------------+
; Flow OS Summary                                                                        ;
+---------------------------+------------------+-----------+------------+----------------+
; Module Name               ; Machine Hostname ; OS Name   ; OS Version ; Processor type ;
+---------------------------+------------------+-----------+------------+----------------+
; Analysis & Synthesis      ; Yeison           ; Windows 7 ; 6.2        ; x86_64         ;
; Fitter                    ; Yeison           ; Windows 7 ; 6.2        ; x86_64         ;
; Assembler                 ; Yeison           ; Windows 7 ; 6.2        ; x86_64         ;
; TimeQuest Timing Analyzer ; Yeison           ; Windows 7 ; 6.2        ; x86_64         ;
; EDA Netlist Writer        ; Yeison           ; Windows 7 ; 6.2        ; x86_64         ;
; EDA Netlist Writer        ; Yeison           ; Windows 7 ; 6.2        ; x86_64         ;
; EDA Netlist Writer        ; Yeison           ; Windows 7 ; 6.2        ; x86_64         ;
; EDA Netlist Writer        ; Yeison           ; Windows 7 ; 6.2        ; x86_64         ;
; EDA Netlist Writer        ; Yeison           ; Windows 7 ; 6.2        ; x86_64         ;
+---------------------------+------------------+-----------+------------+----------------+


------------
; Flow Log ;
------------
quartus_map --read_settings_files=on --write_settings_files=off Decodificador_4_2 -c Decodificador_4_2
quartus_fit --read_settings_files=off --write_settings_files=off Decodificador_4_2 -c Decodificador_4_2
quartus_asm --read_settings_files=off --write_settings_files=off Decodificador_4_2 -c Decodificador_4_2
quartus_sta Decodificador_4_2 -c Decodificador_4_2
quartus_eda --read_settings_files=off --write_settings_files=off Decodificador_4_2 -c Decodificador_4_2
quartus_eda --gen_testbench --check_outputs=on --tool=modelsim_oem --format=verilog Decodificador_4_2 -c Decodificador_4_2 --vector_source=C:/altera/13.1/EjerciciosVHDL/Codificador_Wave.vwf --testbench_file=C:/altera/13.1/EjerciciosVHDL/simulation/qsim/Codificador_Wave.vwf.vt
quartus_eda --functional=on --flatten_buses=off --simulation=on --tool=modelsim_oem --format=verilog --output_directory=C:/altera/13.1/EjerciciosVHDL/simulation/qsim/ Decodificador_4_2 -c Decodificador_4_2
quartus_eda --gen_testbench --check_outputs=on --tool=modelsim_oem --format=verilog Decodificador_4_2 -c Decodificador_4_2 --vector_source=C:/altera/13.1/EjerciciosVHDL/Codificador_Wave.vwf --testbench_file=C:/altera/13.1/EjerciciosVHDL/simulation/qsim/Codificador_Wave.vwf.vt
quartus_eda --functional=on --flatten_buses=off --simulation=on --tool=modelsim_oem --format=verilog --output_directory=C:/altera/13.1/EjerciciosVHDL/simulation/qsim/ Decodificador_4_2 -c Decodificador_4_2



